<?xml version="1.0" encoding="UTF-8" ?>
<testsuite tests="20" failures="0" name="com.dev9.web.SearchTest" time="3.039" errors="0" skipped="0">
  <properties>
    <property name="java.runtime.name" value="Java(TM) SE Runtime Environment"/>
    <property name="sun.boot.library.path" value="C:\Program Files\Java\jdk1.8.0_60\jre\bin"/>
    <property name="java.vm.version" value="25.60-b23"/>
    <property name="java.vm.vendor" value="Oracle Corporation"/>
    <property name="maven.multiModuleProjectDirectory" value="C:\Users\ashmkapo\Desktop\cucumber-java-selenium-example-master\cucumber-java-selenium-example-master"/>
    <property name="java.vendor.url" value="http://java.oracle.com/"/>
    <property name="path.separator" value=";"/>
    <property name="guice.disable.misplaced.annotation.check" value="true"/>
    <property name="java.vm.name" value="Java HotSpot(TM) 64-Bit Server VM"/>
    <property name="file.encoding.pkg" value="sun.io"/>
    <property name="user.script" value=""/>
    <property name="user.country" value="US"/>
    <property name="sun.java.launcher" value="SUN_STANDARD"/>
    <property name="sun.os.patch.level" value="Service Pack 1"/>
    <property name="java.vm.specification.name" value="Java Virtual Machine Specification"/>
    <property name="user.dir" value="C:\Users\ashmkapo\Desktop\cucumber-java-selenium-example-master\cucumber-java-selenium-example-master"/>
    <property name="java.runtime.version" value="1.8.0_60-b27"/>
    <property name="java.awt.graphicsenv" value="sun.awt.Win32GraphicsEnvironment"/>
    <property name="java.endorsed.dirs" value="C:\Program Files\Java\jdk1.8.0_60\jre\lib\endorsed"/>
    <property name="os.arch" value="amd64"/>
    <property name="java.io.tmpdir" value="C:\Users\ashmkapo\AppData\Local\Temp\"/>
    <property name="line.separator" value="
"/>
    <property name="java.vm.specification.vendor" value="Oracle Corporation"/>
    <property name="user.variant" value=""/>
    <property name="os.name" value="Windows 7"/>
    <property name="classworlds.conf" value="C:\Users\ashmkapo\workspace\.metadata\.plugins\org.eclipse.m2e.launching\launches\m2conf5440354033062267149.tmp"/>
    <property name="sun.jnu.encoding" value="Cp1252"/>
    <property name="java.library.path" value="C:\Program Files\Java\jdk1.8.0_60\bin;C:\windows\Sun\Java\bin;C:\windows\system32;C:\windows;C:/Program Files/Java/jre1.8.0_101/bin/server;C:/Program Files/Java/jre1.8.0_101/bin;C:/Program Files/Java/jre1.8.0_101/lib/amd64;C:\ProgramData\Oracle\Java\javapath;C:\oraclexe\app\oracle\product\11.2.0\server\bin;;C:\Windows\System32;;C:\Program Files\Git\bin;;C:\Program Files\Oracle\VirtualBox;C:\HashiCorp\Vagrant\bin;C:\Program Files\Git\usr\bin;C:\Program Files\Java\jdk1.8.0_101\bin;C:\Ruby23-x64\bin;C:\Program Files\Docker Toolbox;C:\Program Files\Oracle\VirtualBox;C:\Windows\System32;C:\Users\ashmkapo\eclipse\jee-mars\eclipse;;."/>
    <property name="java.specification.name" value="Java Platform API Specification"/>
    <property name="java.class.version" value="52.0"/>
    <property name="sun.management.compiler" value="HotSpot 64-Bit Tiered Compilers"/>
    <property name="os.version" value="6.1"/>
    <property name="user.home" value="C:\Users\ashmkapo"/>
    <property name="user.timezone" value="Asia/Calcutta"/>
    <property name="java.awt.printerjob" value="sun.awt.windows.WPrinterJob"/>
    <property name="java.specification.version" value="1.8"/>
    <property name="file.encoding" value="Cp1252"/>
    <property name="user.name" value="ashmkapo"/>
    <property name="java.class.path" value="/C:/Users/ashmkapo/eclipse/jee-mars/eclipse/../../../.p2/pool/plugins/org.eclipse.m2e.maven.runtime_1.6.2.20150902-0001/jars/plexus-classworlds-2.5.2.jar"/>
    <property name="java.vm.specification.version" value="1.8"/>
    <property name="sun.arch.data.model" value="64"/>
    <property name="java.home" value="C:\Program Files\Java\jdk1.8.0_60\jre"/>
    <property name="sun.java.command" value="org.codehaus.plexus.classworlds.launcher.Launcher -Pacceptance -B -s C:\Users\ashmkapo\.m2\settings.xml test"/>
    <property name="java.specification.vendor" value="Oracle Corporation"/>
    <property name="user.language" value="en"/>
    <property name="awt.toolkit" value="sun.awt.windows.WToolkit"/>
    <property name="java.vm.info" value="mixed mode"/>
    <property name="java.version" value="1.8.0_60"/>
    <property name="java.ext.dirs" value="C:\Program Files\Java\jdk1.8.0_60\jre\lib\ext;C:\windows\Sun\Java\lib\ext"/>
    <property name="sun.boot.class.path" value="C:\Program Files\Java\jdk1.8.0_60\jre\lib\resources.jar;C:\Program Files\Java\jdk1.8.0_60\jre\lib\rt.jar;C:\Program Files\Java\jdk1.8.0_60\jre\lib\sunrsasign.jar;C:\Program Files\Java\jdk1.8.0_60\jre\lib\jsse.jar;C:\Program Files\Java\jdk1.8.0_60\jre\lib\jce.jar;C:\Program Files\Java\jdk1.8.0_60\jre\lib\charsets.jar;C:\Program Files\Java\jdk1.8.0_60\jre\lib\jfr.jar;C:\Program Files\Java\jdk1.8.0_60\jre\classes"/>
    <property name="java.vendor" value="Oracle Corporation"/>
    <property name="maven.home" value="C:\Users\ashmkapo\Desktop\cucumber-java-selenium-example-master\cucumber-java-selenium-example-master\EMBEDDED"/>
    <property name="org.omg.PortableInterceptor.ORBInitializerClass.org.omg.PortableInterceptor.RuxitOrbInitializer" value=""/>
    <property name="file.separator" value="\"/>
    <property name="java.vendor.url.bug" value="http://bugreport.sun.com/bugreport/"/>
    <property name="sun.cpu.endian" value="little"/>
    <property name="sun.io.unicode.encoding" value="UnicodeLittle"/>
    <property name="sun.desktop" value="windows"/>
    <property name="sun.cpu.isalist" value="amd64"/>
  </properties>
  <testcase classname="Scenario: Search results should display the search term in the page title when pressing \&quot;enter\&quot;" name="Given A Google search page" time="0"/>
  <testcase classname="Scenario: Search results should display the search term in the page title when pressing \&quot;enter\&quot;" name="When I enter the search term \&quot;cats\&quot;" time="0"/>
  <testcase classname="Scenario: Search results should display the search term in the page title when pressing \&quot;enter\&quot;" name="And I submit the search by pressing \&quot;enter\&quot;" time="0"/>
  <testcase classname="Scenario: Search results should display the search term in the page title when pressing \&quot;enter\&quot;" name="Then The search result page title should contain the search term" time="0"/>
  <testcase classname="Scenario: Search results should display the search term in the page title when pressing \&quot;enter\&quot;" name="Scenario: Search results should display the search term in the page title when pressing \&quot;enter\&quot;" time="0.905"/>
  <testcase classname="Scenario: Search results should display the search term in the page title when pressing \&quot;search\&quot;" name="Given A Google search page" time="0"/>
  <testcase classname="Scenario: Search results should display the search term in the page title when pressing \&quot;search\&quot;" name="When I enter the search term \&quot;dogs\&quot;" time="0"/>
  <testcase classname="Scenario: Search results should display the search term in the page title when pressing \&quot;search\&quot;" name="And I submit the search by pressing \&quot;search\&quot;" time="0"/>
  <testcase classname="Scenario: Search results should display the search term in the page title when pressing \&quot;search\&quot;" name="Then The search result page title should contain the search term" time="0"/>
  <testcase classname="Scenario: Search results should display the search term in the page title when pressing \&quot;search\&quot;" name="Scenario: Search results should display the search term in the page title when pressing \&quot;search\&quot;" time="0.679"/>
  <testcase classname="| cats | enter |" name="Given A Google search page" time="0"/>
  <testcase classname="| cats | enter |" name="When I enter the search term \&quot;cats\&quot;" time="0"/>
  <testcase classname="| cats | enter |" name="And I submit the search by pressing \&quot;enter\&quot;" time="0"/>
  <testcase classname="| cats | enter |" name="Then The search result page title should contain the search term" time="0"/>
  <testcase classname="| cats | enter |" name="| cats | enter |" time="0.703"/>
  <testcase classname="| dogs | search |" name="Given A Google search page" time="0"/>
  <testcase classname="| dogs | search |" name="When I enter the search term \&quot;dogs\&quot;" time="0.001"/>
  <testcase classname="| dogs | search |" name="And I submit the search by pressing \&quot;search\&quot;" time="0"/>
  <testcase classname="| dogs | search |" name="Then The search result page title should contain the search term" time="0"/>
  <testcase classname="| dogs | search |" name="| dogs | search |" time="0.751"/>
</testsuite>